[debug] [2022-10-27T10:50:33.427Z] ----------------------------------------------------------------------
[debug] [2022-10-27T10:50:33.430Z] Command:       C:\Program Files\nodejs\node.exe C:\Users\88018\AppData\Roaming\npm\node_modules\firebase-tools\lib\bin\firebase.js deploy
[debug] [2022-10-27T10:50:33.431Z] CLI Version:   11.15.0
[debug] [2022-10-27T10:50:33.431Z] Platform:      win32
[debug] [2022-10-27T10:50:33.432Z] Node Version:  v16.15.1
[debug] [2022-10-27T10:50:33.434Z] Time:          Thu Oct 27 2022 16:50:33 GMT+0600 (Bangladesh Standard Time)
[debug] [2022-10-27T10:50:33.434Z] ----------------------------------------------------------------------
[debug] 
[debug] [2022-10-27T10:50:33.441Z] >>> [apiv2][query] GET https://firebase-public.firebaseio.com/cli.json [none]
[debug] [2022-10-27T10:50:33.720Z] > command requires scopes: ["email","openid","https://www.googleapis.com/auth/cloudplatformprojects.readonly","https://www.googleapis.com/auth/firebase","https://www.googleapis.com/auth/cloud-platform"]
[debug] [2022-10-27T10:50:33.721Z] > authorizing via signed-in user (taninr87@gmail.com)
[debug] [2022-10-27T10:50:33.722Z] [iam] checking project study-trend-ecdf6 for permissions ["firebase.projects.get","firebasehosting.sites.update"]
[debug] [2022-10-27T10:50:33.724Z] > refreshing access token with scopes: []
[debug] [2022-10-27T10:50:33.726Z] >>> [apiv2][query] POST https://www.googleapis.com/oauth2/v3/token [none]
[debug] [2022-10-27T10:50:33.726Z] >>> [apiv2][body] POST https://www.googleapis.com/oauth2/v3/token [omitted]
[debug] [2022-10-27T10:50:34.665Z] <<< [apiv2][status] POST https://www.googleapis.com/oauth2/v3/token 200
[debug] [2022-10-27T10:50:34.666Z] <<< [apiv2][body] POST https://www.googleapis.com/oauth2/v3/token [omitted]
[debug] [2022-10-27T10:50:34.789Z] >>> [apiv2][query] POST https://cloudresourcemanager.googleapis.com/v1/projects/study-trend-ecdf6:testIamPermissions [none]
[debug] [2022-10-27T10:50:34.789Z] >>> [apiv2][(partial)header] POST https://cloudresourcemanager.googleapis.com/v1/projects/study-trend-ecdf6:testIamPermissions x-goog-quota-user=projects/study-trend-ecdf6
[debug] [2022-10-27T10:50:34.790Z] >>> [apiv2][body] POST https://cloudresourcemanager.googleapis.com/v1/projects/study-trend-ecdf6:testIamPermissions {"permissions":["firebase.projects.get","firebasehosting.sites.update"]}
[debug] [2022-10-27T10:50:34.800Z] <<< [apiv2][status] GET https://firebase-public.firebaseio.com/cli.json 200
[debug] [2022-10-27T10:50:34.800Z] <<< [apiv2][body] GET https://firebase-public.firebaseio.com/cli.json {"cloudBuildErrorAfter":1594252800000,"cloudBuildWarnAfter":1590019200000,"defaultNode10After":1594252800000,"minVersion":"3.0.5","node8DeploysDisabledAfter":1613390400000,"node8RuntimeDisabledAfter":1615809600000,"node8WarnAfter":1600128000000}
[debug] [2022-10-27T10:50:36.898Z] <<< [apiv2][status] POST https://cloudresourcemanager.googleapis.com/v1/projects/study-trend-ecdf6:testIamPermissions 200
[debug] [2022-10-27T10:50:36.899Z] <<< [apiv2][body] POST https://cloudresourcemanager.googleapis.com/v1/projects/study-trend-ecdf6:testIamPermissions {"permissions":["firebase.projects.get","firebasehosting.sites.update"]}
[debug] [2022-10-27T10:50:36.901Z] >>> [apiv2][query] GET https://firebase.googleapis.com/v1beta1/projects/study-trend-ecdf6 [none]
[debug] [2022-10-27T10:50:37.816Z] <<< [apiv2][status] GET https://firebase.googleapis.com/v1beta1/projects/study-trend-ecdf6 200
[debug] [2022-10-27T10:50:37.817Z] <<< [apiv2][body] GET https://firebase.googleapis.com/v1beta1/projects/study-trend-ecdf6 {"projectId":"study-trend-ecdf6","projectNumber":"450702798557","displayName":"study-trend","name":"projects/study-trend-ecdf6","resources":{"hostingSite":"study-trend-ecdf6"},"state":"ACTIVE","etag":"1_fd583f02-3710-4efe-a2dc-15f5e505cebc"}
[info] 
[info] === Deploying to 'study-trend-ecdf6'...
[info] 
[info] i  deploying hosting 
[debug] [2022-10-27T10:50:37.833Z] >>> [apiv2][query] POST https://firebasehosting.googleapis.com/v1beta1/projects/-/sites/study-trend-ecdf6/versions [none]
[debug] [2022-10-27T10:50:37.834Z] >>> [apiv2][body] POST https://firebasehosting.googleapis.com/v1beta1/projects/-/sites/study-trend-ecdf6/versions {"status":"CREATED","labels":{"deployment-tool":"cli-firebase"}}
[debug] [2022-10-27T10:50:40.345Z] <<< [apiv2][status] POST https://firebasehosting.googleapis.com/v1beta1/projects/-/sites/study-trend-ecdf6/versions 200
[debug] [2022-10-27T10:50:40.345Z] <<< [apiv2][body] POST https://firebasehosting.googleapis.com/v1beta1/projects/-/sites/study-trend-ecdf6/versions {"name":"projects/450702798557/sites/study-trend-ecdf6/versions/3cb2c1a76f84831d","status":"CREATED","config":{},"labels":{"deployment-tool":"cli-firebase"}}
[info] i  hosting[study-trend-ecdf6]: beginning deploy... 
[info] i  hosting[study-trend-ecdf6]: found 14 files in build 
[debug] [2022-10-27T10:50:40.390Z] [hosting] uploading with 200 concurrency
[debug] [2022-10-27T10:50:42.410Z] [hosting] hash cache [YnVpbGQ] stored for 14 files
[debug] [2022-10-27T10:50:42.411Z] [hosting][hash queue][FINAL] {"max":1965,"min":7,"avg":183.85714285714286,"active":0,"complete":14,"success":14,"errored":0,"retried":0,"total":14,"elapsed":2001}
[debug] [2022-10-27T10:50:42.412Z] >>> [apiv2][query] POST https://firebasehosting.googleapis.com/v1beta1/projects/450702798557/sites/study-trend-ecdf6/versions/3cb2c1a76f84831d:populateFiles [none]
[debug] [2022-10-27T10:50:42.412Z] >>> [apiv2][body] POST https://firebasehosting.googleapis.com/v1beta1/projects/450702798557/sites/study-trend-ecdf6/versions/3cb2c1a76f84831d:populateFiles {"files":{"/favicon.ico":"eae62e993eb980ec8a25058c39d5a51feab118bd2100c4deebb2a9c158ec11f9","/logo192.png":"3ee59515172ee198f3be375979df15ac5345183e656720a381b8872b2a39dc8b","/logo512.png":"ee7e2f3fdb8209c4b6fd7bef6ba50d1b9dba30a25bb5c3126df057e1cb6f5331","/manifest.json":"aff3449bdc238776f5d6d967f19ec491b36aed5fb7f23ccff6500736fd58494a","/robots.txt":"bfe106a3fb878dc83461c86818bf74fc1bdc7f28538ba613cd3e775516ce8b49","/asset-manifest.json":"c9f9cbc5815bb0732722ade928855dd5f9e9daa1f5997bf67ddd3e80e550f302","/index.html":"e730426815e90f7173fa761dbddb8084bb786c284d53a90b41bdb938c280ad22","/static/js/787.28cb0dcd.chunk.js":"b72129aadef2b1cce5f847b935b4b58bca879c736479ede4c4e80bccf03f82a0","/static/js/787.28cb0dcd.chunk.js.map":"7f861e631c0bfc95128bc71fc8bd95a1dbdfe31dc0d8d063e60464968cf1c800","/static/css/main.c49316b0.css":"31a6f819c6bfb0dd1f5d86135d0c8f94082c95123a0793baf1883a5ea10376ef","/static/css/main.c49316b0.css.map":"8af4a38d141a8aded10b8ea972cf9953961e89dd2717089e0b832bc6e2ac13e7","/static/js/main.b0485314.js.LICENSE.txt":"c78abbd6908a81c18df8dd877c9372755ec0661f62420ed8205dce1cae6d0d96","/static/js/main.b0485314.js":"85ac890a2345ecf8eff18b751cee50d67c02e13181eb6c9f58a1106024cd3708","/static/js/main.b0485314.js.map":"88380db3b23bcdb56d7bd7dccaf873cabb1e73bfe55d84afd7b2da1a6f11aea6"}}
[debug] [2022-10-27T10:50:45.364Z] <<< [apiv2][status] POST https://firebasehosting.googleapis.com/v1beta1/projects/450702798557/sites/study-trend-ecdf6/versions/3cb2c1a76f84831d:populateFiles 200
[debug] [2022-10-27T10:50:45.364Z] <<< [apiv2][body] POST https://firebasehosting.googleapis.com/v1beta1/projects/450702798557/sites/study-trend-ecdf6/versions/3cb2c1a76f84831d:populateFiles {"uploadRequiredHashes":["31a6f819c6bfb0dd1f5d86135d0c8f94082c95123a0793baf1883a5ea10376ef","c78abbd6908a81c18df8dd877c9372755ec0661f62420ed8205dce1cae6d0d96","8af4a38d141a8aded10b8ea972cf9953961e89dd2717089e0b832bc6e2ac13e7","85ac890a2345ecf8eff18b751cee50d67c02e13181eb6c9f58a1106024cd3708","88380db3b23bcdb56d7bd7dccaf873cabb1e73bfe55d84afd7b2da1a6f11aea6","e730426815e90f7173fa761dbddb8084bb786c284d53a90b41bdb938c280ad22","c9f9cbc5815bb0732722ade928855dd5f9e9daa1f5997bf67ddd3e80e550f302"],"uploadUrl":"https://upload-firebasehosting.googleapis.com/upload/sites/study-trend-ecdf6/versions/3cb2c1a76f84831d/files"}
[debug] [2022-10-27T10:50:45.373Z] >>> [apiv2][query] POST https://upload-firebasehosting.googleapis.com/upload/sites/study-trend-ecdf6/versions/3cb2c1a76f84831d/files/31a6f819c6bfb0dd1f5d86135d0c8f94082c95123a0793baf1883a5ea10376ef [none]
[debug] [2022-10-27T10:50:45.373Z] >>> [apiv2][body] POST https://upload-firebasehosting.googleapis.com/upload/sites/study-trend-ecdf6/versions/3cb2c1a76f84831d/files/31a6f819c6bfb0dd1f5d86135d0c8f94082c95123a0793baf1883a5ea10376ef [stream]
[debug] [2022-10-27T10:50:45.376Z] >>> [apiv2][query] POST https://upload-firebasehosting.googleapis.com/upload/sites/study-trend-ecdf6/versions/3cb2c1a76f84831d/files/c78abbd6908a81c18df8dd877c9372755ec0661f62420ed8205dce1cae6d0d96 [none]
[debug] [2022-10-27T10:50:45.376Z] >>> [apiv2][body] POST https://upload-firebasehosting.googleapis.com/upload/sites/study-trend-ecdf6/versions/3cb2c1a76f84831d/files/c78abbd6908a81c18df8dd877c9372755ec0661f62420ed8205dce1cae6d0d96 [stream]
[debug] [2022-10-27T10:50:45.380Z] >>> [apiv2][query] POST https://upload-firebasehosting.googleapis.com/upload/sites/study-trend-ecdf6/versions/3cb2c1a76f84831d/files/8af4a38d141a8aded10b8ea972cf9953961e89dd2717089e0b832bc6e2ac13e7 [none]
[debug] [2022-10-27T10:50:45.380Z] >>> [apiv2][body] POST https://upload-firebasehosting.googleapis.com/upload/sites/study-trend-ecdf6/versions/3cb2c1a76f84831d/files/8af4a38d141a8aded10b8ea972cf9953961e89dd2717089e0b832bc6e2ac13e7 [stream]
[debug] [2022-10-27T10:50:45.383Z] >>> [apiv2][query] POST https://upload-firebasehosting.googleapis.com/upload/sites/study-trend-ecdf6/versions/3cb2c1a76f84831d/files/85ac890a2345ecf8eff18b751cee50d67c02e13181eb6c9f58a1106024cd3708 [none]
[debug] [2022-10-27T10:50:45.384Z] >>> [apiv2][body] POST https://upload-firebasehosting.googleapis.com/upload/sites/study-trend-ecdf6/versions/3cb2c1a76f84831d/files/85ac890a2345ecf8eff18b751cee50d67c02e13181eb6c9f58a1106024cd3708 [stream]
[debug] [2022-10-27T10:50:45.386Z] >>> [apiv2][query] POST https://upload-firebasehosting.googleapis.com/upload/sites/study-trend-ecdf6/versions/3cb2c1a76f84831d/files/88380db3b23bcdb56d7bd7dccaf873cabb1e73bfe55d84afd7b2da1a6f11aea6 [none]
[debug] [2022-10-27T10:50:45.386Z] >>> [apiv2][body] POST https://upload-firebasehosting.googleapis.com/upload/sites/study-trend-ecdf6/versions/3cb2c1a76f84831d/files/88380db3b23bcdb56d7bd7dccaf873cabb1e73bfe55d84afd7b2da1a6f11aea6 [stream]
[debug] [2022-10-27T10:50:45.389Z] >>> [apiv2][query] POST https://upload-firebasehosting.googleapis.com/upload/sites/study-trend-ecdf6/versions/3cb2c1a76f84831d/files/e730426815e90f7173fa761dbddb8084bb786c284d53a90b41bdb938c280ad22 [none]
[debug] [2022-10-27T10:50:45.389Z] >>> [apiv2][body] POST https://upload-firebasehosting.googleapis.com/upload/sites/study-trend-ecdf6/versions/3cb2c1a76f84831d/files/e730426815e90f7173fa761dbddb8084bb786c284d53a90b41bdb938c280ad22 [stream]
[debug] [2022-10-27T10:50:45.391Z] >>> [apiv2][query] POST https://upload-firebasehosting.googleapis.com/upload/sites/study-trend-ecdf6/versions/3cb2c1a76f84831d/files/c9f9cbc5815bb0732722ade928855dd5f9e9daa1f5997bf67ddd3e80e550f302 [none]
[debug] [2022-10-27T10:50:45.391Z] >>> [apiv2][body] POST https://upload-firebasehosting.googleapis.com/upload/sites/study-trend-ecdf6/versions/3cb2c1a76f84831d/files/c9f9cbc5815bb0732722ade928855dd5f9e9daa1f5997bf67ddd3e80e550f302 [stream]
[debug] [2022-10-27T10:50:45.394Z] [hosting][populate queue][FINAL] {"max":2965,"min":2965,"avg":2965,"active":0,"complete":1,"success":1,"errored":0,"retried":0,"total":1,"elapsed":2987}
[debug] [2022-10-27T10:50:45.395Z] [hosting] uploads queued: 7
[debug] [2022-10-27T10:50:47.631Z] <<< [apiv2][status] POST https://upload-firebasehosting.googleapis.com/upload/sites/study-trend-ecdf6/versions/3cb2c1a76f84831d/files/8af4a38d141a8aded10b8ea972cf9953961e89dd2717089e0b832bc6e2ac13e7 200
[debug] [2022-10-27T10:50:47.632Z] <<< [apiv2][body] POST https://upload-firebasehosting.googleapis.com/upload/sites/study-trend-ecdf6/versions/3cb2c1a76f84831d/files/8af4a38d141a8aded10b8ea972cf9953961e89dd2717089e0b832bc6e2ac13e7 [stream]
[debug] [2022-10-27T10:50:47.716Z] <<< [apiv2][status] POST https://upload-firebasehosting.googleapis.com/upload/sites/study-trend-ecdf6/versions/3cb2c1a76f84831d/files/c78abbd6908a81c18df8dd877c9372755ec0661f62420ed8205dce1cae6d0d96 200
[debug] [2022-10-27T10:50:47.716Z] <<< [apiv2][body] POST https://upload-firebasehosting.googleapis.com/upload/sites/study-trend-ecdf6/versions/3cb2c1a76f84831d/files/c78abbd6908a81c18df8dd877c9372755ec0661f62420ed8205dce1cae6d0d96 [stream]
[debug] [2022-10-27T10:50:48.436Z] <<< [apiv2][status] POST https://upload-firebasehosting.googleapis.com/upload/sites/study-trend-ecdf6/versions/3cb2c1a76f84831d/files/c9f9cbc5815bb0732722ade928855dd5f9e9daa1f5997bf67ddd3e80e550f302 200
[debug] [2022-10-27T10:50:48.436Z] <<< [apiv2][body] POST https://upload-firebasehosting.googleapis.com/upload/sites/study-trend-ecdf6/versions/3cb2c1a76f84831d/files/c9f9cbc5815bb0732722ade928855dd5f9e9daa1f5997bf67ddd3e80e550f302 [stream]
[debug] [2022-10-27T10:50:48.438Z] <<< [apiv2][status] POST https://upload-firebasehosting.googleapis.com/upload/sites/study-trend-ecdf6/versions/3cb2c1a76f84831d/files/e730426815e90f7173fa761dbddb8084bb786c284d53a90b41bdb938c280ad22 200
[debug] [2022-10-27T10:50:48.438Z] <<< [apiv2][body] POST https://upload-firebasehosting.googleapis.com/upload/sites/study-trend-ecdf6/versions/3cb2c1a76f84831d/files/e730426815e90f7173fa761dbddb8084bb786c284d53a90b41bdb938c280ad22 [stream]
[debug] [2022-10-27T10:50:52.939Z] <<< [apiv2][status] POST https://upload-firebasehosting.googleapis.com/upload/sites/study-trend-ecdf6/versions/3cb2c1a76f84831d/files/31a6f819c6bfb0dd1f5d86135d0c8f94082c95123a0793baf1883a5ea10376ef 200
[debug] [2022-10-27T10:50:52.939Z] <<< [apiv2][body] POST https://upload-firebasehosting.googleapis.com/upload/sites/study-trend-ecdf6/versions/3cb2c1a76f84831d/files/31a6f819c6bfb0dd1f5d86135d0c8f94082c95123a0793baf1883a5ea10376ef [stream]
[debug] [2022-10-27T10:51:10.965Z] <<< [apiv2][status] POST https://upload-firebasehosting.googleapis.com/upload/sites/study-trend-ecdf6/versions/3cb2c1a76f84831d/files/85ac890a2345ecf8eff18b751cee50d67c02e13181eb6c9f58a1106024cd3708 200
[debug] [2022-10-27T10:51:10.965Z] <<< [apiv2][body] POST https://upload-firebasehosting.googleapis.com/upload/sites/study-trend-ecdf6/versions/3cb2c1a76f84831d/files/85ac890a2345ecf8eff18b751cee50d67c02e13181eb6c9f58a1106024cd3708 [stream]
[debug] [2022-10-27T10:51:33.184Z] <<< [apiv2][status] POST https://upload-firebasehosting.googleapis.com/upload/sites/study-trend-ecdf6/versions/3cb2c1a76f84831d/files/88380db3b23bcdb56d7bd7dccaf873cabb1e73bfe55d84afd7b2da1a6f11aea6 200
[debug] [2022-10-27T10:51:33.185Z] <<< [apiv2][body] POST https://upload-firebasehosting.googleapis.com/upload/sites/study-trend-ecdf6/versions/3cb2c1a76f84831d/files/88380db3b23bcdb56d7bd7dccaf873cabb1e73bfe55d84afd7b2da1a6f11aea6 [stream]
[debug] [2022-10-27T10:51:33.185Z] [hosting][upload queue][FINAL] {"max":47817,"min":2265,"avg":13105.857142857143,"active":0,"complete":7,"success":7,"errored":0,"retried":0,"total":7,"elapsed":47820}
[info] +  hosting[study-trend-ecdf6]: file upload complete 
[debug] [2022-10-27T10:51:33.188Z] [hosting] deploy completed after 52839ms
[debug] [2022-10-27T10:51:33.198Z] [
  {
    "config": {
      "public": "build",
      "ignore": [
        "firebase.json",
        "**/.*",
        "**/node_modules/**"
      ],
      "rewrites": [
        {
          "source": "**",
          "destination": "/index.html"
        }
      ],
      "site": "study-trend-ecdf6"
    },
    "version": "projects/450702798557/sites/study-trend-ecdf6/versions/3cb2c1a76f84831d"
  }
]
[info] i  hosting[study-trend-ecdf6]: finalizing version... 
[debug] [2022-10-27T10:51:33.204Z] >>> [apiv2][query] PATCH https://firebasehosting.googleapis.com/v1beta1/projects/-/sites/study-trend-ecdf6/versions/3cb2c1a76f84831d updateMask=status%2Cconfig
[debug] [2022-10-27T10:51:33.205Z] >>> [apiv2][body] PATCH https://firebasehosting.googleapis.com/v1beta1/projects/-/sites/study-trend-ecdf6/versions/3cb2c1a76f84831d {"status":"FINALIZED","config":{"rewrites":[{"glob":"**","path":"/index.html"}]}}
[debug] [2022-10-27T10:51:35.032Z] <<< [apiv2][status] PATCH https://firebasehosting.googleapis.com/v1beta1/projects/-/sites/study-trend-ecdf6/versions/3cb2c1a76f84831d 200
[debug] [2022-10-27T10:51:35.032Z] <<< [apiv2][body] PATCH https://firebasehosting.googleapis.com/v1beta1/projects/-/sites/study-trend-ecdf6/versions/3cb2c1a76f84831d {"name":"projects/450702798557/sites/study-trend-ecdf6/versions/3cb2c1a76f84831d","status":"FINALIZED","config":{"rewrites":[{"glob":"**","path":"/index.html"}]},"labels":{"deployment-tool":"cli-firebase"},"createTime":"2022-10-27T10:50:39.057150Z","createUser":{"email":"taninr87@gmail.com"},"finalizeTime":"2022-10-27T10:51:34.519595Z","finalizeUser":{"email":"taninr87@gmail.com"}}
[debug] [2022-10-27T10:51:35.033Z] [hosting] finalized version for study-trend-ecdf6:[object Object]
[info] +  hosting[study-trend-ecdf6]: version finalized 
[info] i  hosting[study-trend-ecdf6]: releasing new version... 
[debug] [2022-10-27T10:51:35.036Z] >>> [apiv2][query] POST https://firebasehosting.googleapis.com/v1beta1/projects/-/sites/study-trend-ecdf6/channels/live/releases versionName=projects%2F450702798557%2Fsites%2Fstudy-trend-ecdf6%2Fversions%2F3cb2c1a76f84831d
[debug] [2022-10-27T10:51:35.036Z] >>> [apiv2][body] POST https://firebasehosting.googleapis.com/v1beta1/projects/-/sites/study-trend-ecdf6/channels/live/releases {}
[debug] [2022-10-27T10:51:36.946Z] <<< [apiv2][status] POST https://firebasehosting.googleapis.com/v1beta1/projects/-/sites/study-trend-ecdf6/channels/live/releases 200
[debug] [2022-10-27T10:51:36.946Z] <<< [apiv2][body] POST https://firebasehosting.googleapis.com/v1beta1/projects/-/sites/study-trend-ecdf6/channels/live/releases {"name":"projects/450702798557/sites/study-trend-ecdf6/channels/live/releases/1666867895664360","version":{"name":"projects/450702798557/sites/study-trend-ecdf6/versions/3cb2c1a76f84831d","status":"FINALIZED","config":{"rewrites":[{"glob":"**","path":"/index.html"}]},"labels":{"deployment-tool":"cli-firebase"},"createTime":"2022-10-27T10:50:39.057150Z","createUser":{"email":"taninr87@gmail.com","imageUrl":"https://lh3.googleusercontent.com/a/ALm5wu3-WJ_7-kbO6GJQ0_UgDuER9DvFkiFVB78odg_X"},"finalizeTime":"2022-10-27T10:51:34.519595Z","finalizeUser":{"email":"taninr87@gmail.com","imageUrl":"https://lh3.googleusercontent.com/a/ALm5wu3-WJ_7-kbO6GJQ0_UgDuER9DvFkiFVB78odg_X"}},"type":"DEPLOY","releaseTime":"2022-10-27T10:51:35.664360153Z","releaseUser":{"email":"taninr87@gmail.com","imageUrl":"https://lh3.googleusercontent.com/a/ALm5wu3-WJ_7-kbO6GJQ0_UgDuER9DvFkiFVB78odg_X"}}
[debug] [2022-10-27T10:51:36.946Z] [hosting] release: {"name":"projects/450702798557/sites/study-trend-ecdf6/channels/live/releases/1666867895664360","version":{"name":"projects/450702798557/sites/study-trend-ecdf6/versions/3cb2c1a76f84831d","status":"FINALIZED","config":{"rewrites":[{"glob":"**","path":"/index.html"}]},"labels":{"deployment-tool":"cli-firebase"},"createTime":"2022-10-27T10:50:39.057150Z","createUser":{"email":"taninr87@gmail.com","imageUrl":"https://lh3.googleusercontent.com/a/ALm5wu3-WJ_7-kbO6GJQ0_UgDuER9DvFkiFVB78odg_X"},"finalizeTime":"2022-10-27T10:51:34.519595Z","finalizeUser":{"email":"taninr87@gmail.com","imageUrl":"https://lh3.googleusercontent.com/a/ALm5wu3-WJ_7-kbO6GJQ0_UgDuER9DvFkiFVB78odg_X"}},"type":"DEPLOY","releaseTime":"2022-10-27T10:51:35.664360153Z","releaseUser":{"email":"taninr87@gmail.com","imageUrl":"https://lh3.googleusercontent.com/a/ALm5wu3-WJ_7-kbO6GJQ0_UgDuER9DvFkiFVB78odg_X"}}
[info] +  hosting[study-trend-ecdf6]: release complete 
[info] 
[info] +  Deploy complete! 
[info] 
[info] Project Console: https://console.firebase.google.com/project/study-trend-ecdf6/overview
[info] Hosting URL: https://study-trend-ecdf6.web.app
[debug] [2022-10-27T10:51:47.519Z] Error: Timed out.
    at Timeout._onTimeout (C:\Users\88018\AppData\Roaming\npm\node_modules\firebase-tools\lib\utils.js:253:49)
    at listOnTimeout (node:internal/timers:559:17)
    at processTimers (node:internal/timers:502:7)
[error] 
[error] Error: An unexpected error has occurred.
